<?xml version="1.0" encoding="UTF-8"?>
<!-- Generated by org.testng.reporters.JUnitXMLReporter -->
<testsuite ignored="0" hostname="PHGD5CG1122KRH" failures="0" tests="4" name="Surefire test" time="38.67" errors="0" timestamp="2022-06-04T17:47:44 CST">
  <testcase classname="test.ContactPage_Test" name="test_case1" time="5.849"/>
  <testcase classname="test.ContactPage_Test" name="test_case2" time="7.11"/>
  <testcase classname="test.ShopPage_Test" name="test_case3" time="5.694"/>
  <testcase classname="test.ShopPage_Test" name="test_case4" time="7.863"/>
</testsuite> <!-- Surefire test -->
