<?xml version="1.0" encoding="UTF-8"?>
<!-- Generated by org.testng.reporters.JUnitXMLReporter -->
<testsuite ignored="0" hostname="PHGD5CG1122KRH" failures="0" tests="4" name="Command line test" time="49.486" errors="0" timestamp="2022-06-04T17:44:58 CST">
  <testcase classname="test.ContactPage_Test" name="test_case1" time="6.948"/>
  <testcase classname="test.ContactPage_Test" name="test_case2" time="16.57"/>
  <testcase classname="test.ShopPage_Test" name="test_case3" time="5.536"/>
  <testcase classname="test.ShopPage_Test" name="test_case4" time="7.782"/>
</testsuite> <!-- Command line test -->
