<?xml version="1.0" encoding="UTF-8"?>
<testng-results ignored="0" total="4" passed="4" failed="0" skipped="0">
  <reporter-output>
  </reporter-output>
  <suite started-at="2022-06-04T17:47:05 CST" name="Surefire suite" finished-at="2022-06-04T17:47:44 CST" duration-ms="38670">
    <groups>
    </groups>
    <test started-at="2022-06-04T17:47:05 CST" name="Surefire test" finished-at="2022-06-04T17:47:44 CST" duration-ms="38670">
      <class name="test.ContactPage_Test">
        <test-method is-config="true" signature="setup()[pri:0, instance:test.ContactPage_Test@7adda9cc]" started-at="2022-06-04T17:47:05 CST" name="setup" finished-at="2022-06-04T17:47:09 CST" duration-ms="3880" status="PASS">
          <reporter-output>
          </reporter-output>
        </test-method> <!-- setup -->
        <test-method signature="test_case1()[pri:0, instance:test.ContactPage_Test@7adda9cc]" started-at="2022-06-04T17:47:09 CST" name="test_case1" finished-at="2022-06-04T17:47:15 CST" duration-ms="5849" status="PASS">
          <reporter-output>
          </reporter-output>
        </test-method> <!-- test_case1 -->
        <test-method is-config="true" signature="cleanUp()[pri:0, instance:test.ContactPage_Test@7adda9cc]" started-at="2022-06-04T17:47:15 CST" name="cleanUp" finished-at="2022-06-04T17:47:15 CST" duration-ms="410" status="PASS">
          <reporter-output>
          </reporter-output>
        </test-method> <!-- cleanUp -->
        <test-method is-config="true" signature="setup()[pri:0, instance:test.ContactPage_Test@7adda9cc]" started-at="2022-06-04T17:47:15 CST" name="setup" finished-at="2022-06-04T17:47:17 CST" duration-ms="2145" status="PASS">
          <reporter-output>
          </reporter-output>
        </test-method> <!-- setup -->
        <test-method signature="test_case2()[pri:0, instance:test.ContactPage_Test@7adda9cc]" started-at="2022-06-04T17:47:17 CST" name="test_case2" finished-at="2022-06-04T17:47:24 CST" duration-ms="7110" status="PASS">
          <reporter-output>
          </reporter-output>
        </test-method> <!-- test_case2 -->
        <test-method is-config="true" signature="cleanUp()[pri:0, instance:test.ContactPage_Test@7adda9cc]" started-at="2022-06-04T17:47:24 CST" name="cleanUp" finished-at="2022-06-04T17:47:25 CST" duration-ms="449" status="PASS">
          <reporter-output>
          </reporter-output>
        </test-method> <!-- cleanUp -->
      </class> <!-- test.ContactPage_Test -->
      <class name="test.ShopPage_Test">
        <test-method is-config="true" signature="setup()[pri:0, instance:test.ShopPage_Test@5cee5251]" started-at="2022-06-04T17:47:25 CST" name="setup" finished-at="2022-06-04T17:47:27 CST" duration-ms="2291" status="PASS">
          <reporter-output>
          </reporter-output>
        </test-method> <!-- setup -->
        <test-method signature="test_case3()[pri:0, instance:test.ShopPage_Test@5cee5251]" started-at="2022-06-04T17:47:27 CST" name="test_case3" finished-at="2022-06-04T17:47:33 CST" duration-ms="5694" status="PASS">
          <reporter-output>
          </reporter-output>
        </test-method> <!-- test_case3 -->
        <test-method is-config="true" signature="cleanUp()[pri:0, instance:test.ShopPage_Test@5cee5251]" started-at="2022-06-04T17:47:33 CST" name="cleanUp" finished-at="2022-06-04T17:47:33 CST" duration-ms="379" status="PASS">
          <reporter-output>
          </reporter-output>
        </test-method> <!-- cleanUp -->
        <test-method is-config="true" signature="setup()[pri:0, instance:test.ShopPage_Test@5cee5251]" started-at="2022-06-04T17:47:33 CST" name="setup" finished-at="2022-06-04T17:47:35 CST" duration-ms="2113" status="PASS">
          <reporter-output>
          </reporter-output>
        </test-method> <!-- setup -->
        <test-method signature="test_case4()[pri:0, instance:test.ShopPage_Test@5cee5251]" started-at="2022-06-04T17:47:35 CST" name="test_case4" finished-at="2022-06-04T17:47:43 CST" duration-ms="7863" status="PASS">
          <reporter-output>
          </reporter-output>
        </test-method> <!-- test_case4 -->
        <test-method is-config="true" signature="cleanUp()[pri:0, instance:test.ShopPage_Test@5cee5251]" started-at="2022-06-04T17:47:43 CST" name="cleanUp" finished-at="2022-06-04T17:47:44 CST" duration-ms="408" status="PASS">
          <reporter-output>
          </reporter-output>
        </test-method> <!-- cleanUp -->
      </class> <!-- test.ShopPage_Test -->
    </test> <!-- Surefire test -->
  </suite> <!-- Surefire suite -->
</testng-results>
